<?xml version="1.0" encoding="UTF-8"?>
<!-- Generated by org.testng.reporters.JUnitReportReporter -->
<testsuite hostname="Priyanka" failures="0" tests="2" name="TestCases.SubmitOrderTest" time="10.799" errors="0" timestamp="2024-02-20T13:10:05 CST" skipped="0">
  <testcase classname="TestCases.SubmitOrderTest" name="submitOrder" time="5.096"/>
  <system-out/>
  <testcase classname="TestCases.SubmitOrderTest" name="submitOrder" time="5.703"/>
  <system-out/>
</testsuite> <!-- TestCases.SubmitOrderTest -->
