<?xml version="1.0" encoding="UTF-8"?>
<!-- Generated by org.testng.reporters.JUnitReportReporter -->
<testsuite hostname="Priyanka" failures="0" tests="1" name="rsa.SeleniumFramework.AppTest" time="0.009" errors="0" timestamp="2024-02-11T06:32:02 CST" skipped="0">
  <testcase classname="rsa.SeleniumFramework.AppTest" name="shouldAnswerWithTrue" time="0.009"/>
</testsuite> <!-- rsa.SeleniumFramework.AppTest -->
