<?xml version="1.0" encoding="UTF-8"?>
<!-- Generated by org.testng.reporters.JUnitReportReporter -->
<testsuite hostname="Priyanka" failures="0" tests="2" name="TestCases.SubmitOrderTest" time="12.699" errors="0" timestamp="23 Feb 2024 20:43:07 GMT" skipped="0">
  <testcase classname="TestCases.SubmitOrderTest" name="submitOrder" time="6.389"/>
  <testcase classname="TestCases.SubmitOrderTest" name="submitOrder" time="6.310"/>
</testsuite> <!-- TestCases.SubmitOrderTest -->
